[23-Aug-2024 00:54:16 UTC] PHP Warning:  Attempt to read property "ID" on null in /Users/clarkhuang/Local Sites/clark-huangs-portfolio/app/public/wp-includes/rest-api/endpoints/class-wp-rest-autosaves-controller.php on line 167
[23-Aug-2024 00:54:16 UTC] PHP Warning:  Attempt to read property "ID" on null in /Users/clarkhuang/Local Sites/clark-huangs-portfolio/app/public/wp-includes/rest-api/endpoints/class-wp-rest-autosaves-controller.php on line 167
[26-Aug-2024 02:50:25 UTC] PHP Warning:  Undefined property: stdClass::$id in /Users/clarkhuang/Local Sites/clark-huangs-portfolio/app/public/wp-includes/rest-api/endpoints/class-wp-rest-posts-controller.php on line 675
[26-Aug-2024 02:50:25 UTC] PHP Warning:  Undefined property: stdClass::$post_parent in /Users/clarkhuang/Local Sites/clark-huangs-portfolio/app/public/wp-includes/rest-api/endpoints/class-wp-rest-posts-controller.php on line 678
[26-Aug-2024 03:10:36 UTC] PHP Warning:  Undefined property: stdClass::$id in /Users/clarkhuang/Local Sites/clark-huangs-portfolio/app/public/wp-includes/rest-api/endpoints/class-wp-rest-posts-controller.php on line 675
[26-Aug-2024 03:10:36 UTC] PHP Warning:  Undefined property: stdClass::$post_parent in /Users/clarkhuang/Local Sites/clark-huangs-portfolio/app/public/wp-includes/rest-api/endpoints/class-wp-rest-posts-controller.php on line 678
[26-Aug-2024 03:12:42 UTC] PHP Warning:  Undefined property: stdClass::$id in /Users/clarkhuang/Local Sites/clark-huangs-portfolio/app/public/wp-includes/rest-api/endpoints/class-wp-rest-posts-controller.php on line 675
[26-Aug-2024 03:12:42 UTC] PHP Warning:  Undefined property: stdClass::$post_parent in /Users/clarkhuang/Local Sites/clark-huangs-portfolio/app/public/wp-includes/rest-api/endpoints/class-wp-rest-posts-controller.php on line 678
[26-Aug-2024 03:39:07 UTC] PHP Warning:  Undefined property: stdClass::$id in /Users/clarkhuang/Local Sites/clark-huangs-portfolio/app/public/wp-includes/rest-api/endpoints/class-wp-rest-posts-controller.php on line 675
[26-Aug-2024 03:39:07 UTC] PHP Warning:  Undefined property: stdClass::$post_parent in /Users/clarkhuang/Local Sites/clark-huangs-portfolio/app/public/wp-includes/rest-api/endpoints/class-wp-rest-posts-controller.php on line 678
[26-Aug-2024 03:44:17 UTC] PHP Warning:  Undefined property: stdClass::$id in /Users/clarkhuang/Local Sites/clark-huangs-portfolio/app/public/wp-includes/rest-api/endpoints/class-wp-rest-posts-controller.php on line 675
[26-Aug-2024 03:44:17 UTC] PHP Warning:  Undefined property: stdClass::$post_parent in /Users/clarkhuang/Local Sites/clark-huangs-portfolio/app/public/wp-includes/rest-api/endpoints/class-wp-rest-posts-controller.php on line 678
[26-Aug-2024 03:45:30 UTC] PHP Warning:  Undefined property: stdClass::$id in /Users/clarkhuang/Local Sites/clark-huangs-portfolio/app/public/wp-includes/rest-api/endpoints/class-wp-rest-posts-controller.php on line 675
[26-Aug-2024 03:45:30 UTC] PHP Warning:  Undefined property: stdClass::$post_parent in /Users/clarkhuang/Local Sites/clark-huangs-portfolio/app/public/wp-includes/rest-api/endpoints/class-wp-rest-posts-controller.php on line 678
[26-Aug-2024 03:49:49 UTC] PHP Warning:  Undefined property: stdClass::$id in /Users/clarkhuang/Local Sites/clark-huangs-portfolio/app/public/wp-includes/rest-api/endpoints/class-wp-rest-posts-controller.php on line 675
[26-Aug-2024 03:49:49 UTC] PHP Warning:  Undefined property: stdClass::$post_parent in /Users/clarkhuang/Local Sites/clark-huangs-portfolio/app/public/wp-includes/rest-api/endpoints/class-wp-rest-posts-controller.php on line 678
[26-Aug-2024 03:50:59 UTC] PHP Warning:  Undefined property: stdClass::$id in /Users/clarkhuang/Local Sites/clark-huangs-portfolio/app/public/wp-includes/rest-api/endpoints/class-wp-rest-posts-controller.php on line 675
[26-Aug-2024 03:50:59 UTC] PHP Warning:  Undefined property: stdClass::$post_parent in /Users/clarkhuang/Local Sites/clark-huangs-portfolio/app/public/wp-includes/rest-api/endpoints/class-wp-rest-posts-controller.php on line 678
[26-Aug-2024 04:13:12 UTC] PHP Warning:  Undefined property: stdClass::$id in /Users/clarkhuang/Local Sites/clark-huangs-portfolio/app/public/wp-includes/rest-api/endpoints/class-wp-rest-posts-controller.php on line 675
[26-Aug-2024 04:13:12 UTC] PHP Warning:  Undefined property: stdClass::$post_parent in /Users/clarkhuang/Local Sites/clark-huangs-portfolio/app/public/wp-includes/rest-api/endpoints/class-wp-rest-posts-controller.php on line 678
[26-Aug-2024 04:13:55 UTC] PHP Warning:  Undefined property: stdClass::$id in /Users/clarkhuang/Local Sites/clark-huangs-portfolio/app/public/wp-includes/rest-api/endpoints/class-wp-rest-posts-controller.php on line 675
[26-Aug-2024 04:13:55 UTC] PHP Warning:  Undefined property: stdClass::$post_parent in /Users/clarkhuang/Local Sites/clark-huangs-portfolio/app/public/wp-includes/rest-api/endpoints/class-wp-rest-posts-controller.php on line 678
[26-Aug-2024 04:18:29 UTC] PHP Warning:  Undefined property: stdClass::$id in /Users/clarkhuang/Local Sites/clark-huangs-portfolio/app/public/wp-includes/rest-api/endpoints/class-wp-rest-posts-controller.php on line 675
[26-Aug-2024 04:18:29 UTC] PHP Warning:  Undefined property: stdClass::$post_parent in /Users/clarkhuang/Local Sites/clark-huangs-portfolio/app/public/wp-includes/rest-api/endpoints/class-wp-rest-posts-controller.php on line 678
[26-Aug-2024 04:18:56 UTC] PHP Warning:  Undefined property: stdClass::$id in /Users/clarkhuang/Local Sites/clark-huangs-portfolio/app/public/wp-includes/rest-api/endpoints/class-wp-rest-posts-controller.php on line 675
[26-Aug-2024 04:18:56 UTC] PHP Warning:  Undefined property: stdClass::$post_parent in /Users/clarkhuang/Local Sites/clark-huangs-portfolio/app/public/wp-includes/rest-api/endpoints/class-wp-rest-posts-controller.php on line 678
[26-Aug-2024 04:21:30 UTC] PHP Warning:  Undefined property: stdClass::$id in /Users/clarkhuang/Local Sites/clark-huangs-portfolio/app/public/wp-includes/rest-api/endpoints/class-wp-rest-posts-controller.php on line 675
[26-Aug-2024 04:21:30 UTC] PHP Warning:  Undefined property: stdClass::$post_parent in /Users/clarkhuang/Local Sites/clark-huangs-portfolio/app/public/wp-includes/rest-api/endpoints/class-wp-rest-posts-controller.php on line 678
[26-Aug-2024 04:22:07 UTC] PHP Warning:  Undefined property: stdClass::$id in /Users/clarkhuang/Local Sites/clark-huangs-portfolio/app/public/wp-includes/rest-api/endpoints/class-wp-rest-posts-controller.php on line 675
[26-Aug-2024 04:22:07 UTC] PHP Warning:  Undefined property: stdClass::$post_parent in /Users/clarkhuang/Local Sites/clark-huangs-portfolio/app/public/wp-includes/rest-api/endpoints/class-wp-rest-posts-controller.php on line 678
[26-Aug-2024 04:42:43 UTC] PHP Warning:  Undefined property: stdClass::$id in /Users/clarkhuang/Local Sites/clark-huangs-portfolio/app/public/wp-includes/rest-api/endpoints/class-wp-rest-posts-controller.php on line 675
[26-Aug-2024 04:42:43 UTC] PHP Warning:  Undefined property: stdClass::$post_parent in /Users/clarkhuang/Local Sites/clark-huangs-portfolio/app/public/wp-includes/rest-api/endpoints/class-wp-rest-posts-controller.php on line 678
[26-Aug-2024 04:59:40 UTC] PHP Warning:  Undefined property: stdClass::$id in /Users/clarkhuang/Local Sites/clark-huangs-portfolio/app/public/wp-includes/rest-api/endpoints/class-wp-rest-posts-controller.php on line 675
[26-Aug-2024 04:59:40 UTC] PHP Warning:  Undefined property: stdClass::$post_parent in /Users/clarkhuang/Local Sites/clark-huangs-portfolio/app/public/wp-includes/rest-api/endpoints/class-wp-rest-posts-controller.php on line 678
[26-Aug-2024 05:19:03 UTC] PHP Warning:  Undefined property: stdClass::$id in /Users/clarkhuang/Local Sites/clark-huangs-portfolio/app/public/wp-includes/rest-api/endpoints/class-wp-rest-posts-controller.php on line 675
[26-Aug-2024 05:19:03 UTC] PHP Warning:  Undefined property: stdClass::$post_parent in /Users/clarkhuang/Local Sites/clark-huangs-portfolio/app/public/wp-includes/rest-api/endpoints/class-wp-rest-posts-controller.php on line 678
[26-Aug-2024 05:37:48 UTC] PHP Parse error:  syntax error, unexpected identifier "WP_SITEURL", expecting ")" in /Users/clarkhuang/Local Sites/clark-huangs-portfolio/app/public/wp-config.php on line 106
[26-Aug-2024 05:38:09 UTC] PHP Parse error:  syntax error, unexpected identifier "WP_SITEURL", expecting ")" in /Users/clarkhuang/Local Sites/clark-huangs-portfolio/app/public/wp-config.php on line 106
[26-Aug-2024 05:38:13 UTC] PHP Parse error:  syntax error, unexpected identifier "WP_SITEURL", expecting ")" in /Users/clarkhuang/Local Sites/clark-huangs-portfolio/app/public/wp-config.php on line 106
[26-Aug-2024 05:38:25 UTC] PHP Parse error:  syntax error, unexpected identifier "WP_SITEURL", expecting ")" in /Users/clarkhuang/Local Sites/clark-huangs-portfolio/app/public/wp-config.php on line 106
[26-Aug-2024 05:38:48 UTC] PHP Parse error:  syntax error, unexpected identifier "WP_SITEURL", expecting ")" in /Users/clarkhuang/Local Sites/clark-huangs-portfolio/app/public/wp-config.php on line 106
[26-Aug-2024 05:38:53 UTC] PHP Parse error:  syntax error, unexpected identifier "WP_SITEURL", expecting ")" in /Users/clarkhuang/Local Sites/clark-huangs-portfolio/app/public/wp-config.php on line 106
[26-Aug-2024 05:38:58 UTC] PHP Parse error:  syntax error, unexpected identifier "WP_SITEURL", expecting ")" in /Users/clarkhuang/Local Sites/clark-huangs-portfolio/app/public/wp-config.php on line 106
[26-Aug-2024 05:38:58 UTC] PHP Parse error:  syntax error, unexpected identifier "WP_SITEURL", expecting ")" in /Users/clarkhuang/Local Sites/clark-huangs-portfolio/app/public/wp-config.php on line 106
[26-Aug-2024 05:38:59 UTC] PHP Parse error:  syntax error, unexpected identifier "WP_SITEURL", expecting ")" in /Users/clarkhuang/Local Sites/clark-huangs-portfolio/app/public/wp-config.php on line 106
[26-Aug-2024 05:38:59 UTC] PHP Parse error:  syntax error, unexpected identifier "WP_SITEURL", expecting ")" in /Users/clarkhuang/Local Sites/clark-huangs-portfolio/app/public/wp-config.php on line 106
[26-Aug-2024 05:39:00 UTC] PHP Parse error:  syntax error, unexpected identifier "WP_SITEURL", expecting ")" in /Users/clarkhuang/Local Sites/clark-huangs-portfolio/app/public/wp-config.php on line 106
[26-Aug-2024 05:39:00 UTC] PHP Parse error:  syntax error, unexpected identifier "WP_SITEURL", expecting ")" in /Users/clarkhuang/Local Sites/clark-huangs-portfolio/app/public/wp-config.php on line 106
[26-Aug-2024 05:39:12 UTC] PHP Parse error:  syntax error, unexpected identifier "WP_SITEURL", expecting ")" in /Users/clarkhuang/Local Sites/clark-huangs-portfolio/app/public/wp-config.php on line 106
[26-Aug-2024 05:43:46 UTC] PHP Warning:  Undefined property: stdClass::$id in /Users/clarkhuang/Local Sites/clark-huangs-portfolio/app/public/wp-includes/rest-api/endpoints/class-wp-rest-posts-controller.php on line 675
[26-Aug-2024 05:43:46 UTC] PHP Warning:  Undefined property: stdClass::$post_parent in /Users/clarkhuang/Local Sites/clark-huangs-portfolio/app/public/wp-includes/rest-api/endpoints/class-wp-rest-posts-controller.php on line 678
[26-Aug-2024 07:03:11 UTC] PHP Warning:  Undefined property: stdClass::$id in /Users/clarkhuang/Local Sites/clark-huangs-portfolio/app/public/wp-includes/rest-api/endpoints/class-wp-rest-posts-controller.php on line 675
[26-Aug-2024 07:03:11 UTC] PHP Warning:  Undefined property: stdClass::$post_parent in /Users/clarkhuang/Local Sites/clark-huangs-portfolio/app/public/wp-includes/rest-api/endpoints/class-wp-rest-posts-controller.php on line 678
[26-Aug-2024 07:07:39 UTC] PHP Warning:  Undefined property: stdClass::$id in /Users/clarkhuang/Local Sites/clark-huangs-portfolio/app/public/wp-includes/rest-api/endpoints/class-wp-rest-posts-controller.php on line 675
[26-Aug-2024 07:07:39 UTC] PHP Warning:  Undefined property: stdClass::$post_parent in /Users/clarkhuang/Local Sites/clark-huangs-portfolio/app/public/wp-includes/rest-api/endpoints/class-wp-rest-posts-controller.php on line 678
[29-Aug-2024 17:19:51 UTC] Cron reschedule event error for hook: action_scheduler_run_queue, Error code: could_not_set, Error message: The cron event list could not be saved., Data: {"schedule":"every_minute","args":["WP Cron"],"interval":60}
